<?xml version="1.0" encoding="UTF-8" ?>
<testsuites>

  <testsuite name="Player" errors="0" tests="1" failures="0" time="" timestamp="Sat May 31 2014 21:18:12 GMT-0700 (PDT)">
    
      <testcase assertions="0" classname="Player" name="should be able to play a Song" time="0.001">
        
      </testcase>
    
  </testsuite>

</testsuites>