<?xml version="1.0" encoding="UTF-8" ?>
<testsuites>

  <testsuite name="Player #resume" errors="0" tests="1" failures="0" time="0.007" timestamp="Sat May 31 2014 21:18:12 GMT-0700 (PDT)">
    
      <testcase assertions="0" classname="Player #resume" name="should throw an exception if song is already playing" time="0">
        
      </testcase>
    
  </testsuite>

</testsuites>