<?xml version="1.0" encoding="UTF-8" ?>
<testsuites>
<testsuite name="Triple" errors="0" tests="1" failures="0" time="0.017" timestamp="2014-06-12T16:33:42">
  <testcase classname="Triple" name="should get 3,4,5 from 2" time="0.017"></testcase>
</testsuite>
</testsuites>